500
1
2
ejj-b 1
a-b 2
499
250
bbi-ejj 1
bca-ejj 2
bce-ejj 3
bg-ejj 4
bji-ejj 5
c-ejj 6
cag-ejj 7
cai-ejj 8
cba-ejj 9
cbi-ejj 10
cfe-ejj 11
cga-ejj 12
da-ejj 13
dbc-ejj 14
dbe-ejj 15
dbi-ejj 16
dfa-ejj 17
dfe-ejj 18
dgc-ejj 19
dgg-ejj 20
ea-ejj 21
efg-ejj 22
ega-ejj 23
ei-ejj 24
ii-ejj 25
bcc-ejj 26
bci-ejj 27
be-ejj 28
bgc-ejj 29
bhi-ejj 30
cbc-ejj 31
cca-ejj 32
cda-ejj 33
cdc-ejj 34
cec-ejj 35
cfc-ejj 36
cfg-ejj 37
cfi-ejj 38
cg-ejj 39
cgc-ejj 40
cgg-ejj 41
chi-ejj 42
cig-ejj 43
dae-ejj 44
dcc-ejj 45
dci-ejj 46
de-ejj 47
dec-ejj 48
deg-ejj 49
dic-ejj 50
dig-ejj 51
dji-ejj 52
ebi-ejj 53
ecg-ejj 54
eci-ejj 55
eda-ejj 56
edc-ejj 57
edg-ejj 58
eec-ejj 59
eee-ejj 60
efa-ejj 61
egc-ejj 62
ehc-ejj 63
eic-ejj 64
eig-ejj 65
fg-ejj 66
fi-ejj 67
ie-ejj 68
jc-ejj 69
a-ejj 70
baa-ejj 71
bai-ejj 72
bbe-ejj 73
bda-ejj 74
bdc-ejj 75
bdg-ejj 76
bdi-ejj 77
beg-ejj 78
bfc-ejj 79
bfe-ejj 80
bfg-ejj 81
bga-ejj 82
bhg-ejj 83
big-ejj 84
bja-ejj 85
bjc-ejj 86
bjg-ejj 87
cbe-ejj 88
cbg-ejj 89
cce-ejj 90
cde-ejj 91
ce-ejj 92
cha-ejj 93
che-ejj 94
cia-ejj 95
cji-ejj 96
daa-ejj 97
dbg-ejj 98
dda-ejj 99
ddg-ejj 100
dee-ejj 101
dfc-ejj 102
dga-ejj 103
dgi-ejj 104
dha-ejj 105
dhi-ejj 106
di-ejj 107
dia-ejj 108
djc-ejj 109
dje-ejj 110
eaa-ejj 111
eac-ejj 112
eba-ejj 113
ebc-ejj 114
ecc-ejj 115
ece-ejj 116
eea-ejj 117
egi-ejj 118
eha-ejj 119
ehg-ejj 120
ehi-ejj 121
eje-ejj 122
eji-ejj 123
fa-ejj 124
g-ejj 125
ga-ejj 126
gc-ejj 127
gg-ejj 128
ia-ejj 129
ic-ejj 130
ig-ejj 131
jg-ejj 132
ba-ejj 133
bag-ejj 134
bba-ejj 135
bcg-ejj 136
bfa-ejj 137
bfi-ejj 138
bge-ejj 139
bgi-ejj 140
bia-ejj 141
bie-ejj 142
cac-ejj 143
cc-ejj 144
ccc-ejj 145
cci-ejj 146
cea-ejj 147
cee-ejj 148
cei-ejj 149
cge-ejj 150
cgi-ejj 151
ci-ejj 152
cic-ejj 153
cjc-ejj 154
cjg-ejj 155
dac-ejj 156
dce-ejj 157
dcg-ejj 158
ddc-ejj 159
dde-ejj 160
ddi-ejj 161
dea-ejj 162
dei-ejj 163
dfi-ejj 164
dge-ejj 165
dhg-ejj 166
dii-ejj 167
djg-ejj 168
e-ejj 169
eae-ejj 170
eag-ejj 171
eca-ejj 172
ede-ejj 173
eeg-ejj 174
eei-ejj 175
efc-ejj 176
efe-ejj 177
efi-ejj 178
ege-ejj 179
egg-ejj 180
ehe-ejj 181
eie-ejj 182
eja-ejj 183
ejc-ejj 184
fc-ejj 185
gi-ejj 186
hg-ejj 187
hi-ejj 188
ja-ejj 189
je-ejj 190
bae-ejj 191
bbc-ejj 192
bbg-ejj 193
bde-ejj 194
bec-ejj 195
bee-ejj 196
bei-ejj 197
bhc-ejj 198
bii-ejj 199
bje-ejj 200
caa-ejj 201
cae-ejj 202
ccg-ejj 203
cdi-ejj 204
ceg-ejj 205
cfa-ejj 206
chc-ejj 207
cie-ejj 208
cii-ejj 209
cja-ejj 210
dag-ejj 211
dc-ejj 212
dfg-ejj 213
dg-ejj 214
die-ejj 215
dja-ejj 216
eai-ejj 217
ec-ejj 218
edi-ejj 219
eg-ejj 220
eia-ejj 221
ejg-ejj 222
fe-ejj 223
hc-ejj 224
bc-ejj 225
bea-ejj 226
bgg-ejj 227
bha-ejj 228
bhe-ejj 229
bi-ejj 230
bic-ejj 231
ca-ejj 232
chg-ejj 233
cje-ejj 234
dai-ejj 235
dhc-ejj 236
dhe-ejj 237
ebe-ejj 238
ee-ejj 239
eii-ejj 240
ge-ejj 241
ha-ejj 242
i-ejj 243
ji-ejj 244
bac-ejj 245
ebg-ejj 246
he-ejj 247
cdg-ejj 248
dca-ejj 249
dba-ejj 250
2
1
b-c 1
3
2
ejj-d 1
c-d 2
4
1
d-e 1
5
2
ejj-f 1
e-f 2
6
1
f-g 1
7
2
g-h 1
ejj-h 2
8
1
h-i 1
9
2
ejj-j 1
i-j 2
10
1
j-ba 1
11
2
ejj-bb 1
ba-bb 2
12
1
bb-bc 1
13
2
ejj-bd 1
bc-bd 2
14
1
bd-be 1
15
2
ejj-bf 1
be-bf 2
16
1
bf-bg 1
17
2
ejj-bh 1
bg-bh 2
18
1
bh-bi 1
19
2
ejj-bj 1
bi-bj 2
20
1
bj-ca 1
21
2
ejj-cb 1
ca-cb 2
22
1
cb-cc 1
23
2
cc-cd 1
ejj-cd 2
24
1
cd-ce 1
25
2
ce-cf 1
ejj-cf 2
26
1
cf-cg 1
27
2
ejj-ch 1
cg-ch 2
28
1
ch-ci 1
29
2
ejj-cj 1
ci-cj 2
30
1
cj-da 1
31
2
ejj-db 1
da-db 2
32
1
db-dc 1
33
2
ejj-dd 1
dc-dd 2
34
1
dd-de 1
35
2
ejj-df 1
de-df 2
36
1
df-dg 1
37
2
ejj-dh 1
dg-dh 2
38
1
dh-di 1
39
2
ejj-dj 1
di-dj 2
40
1
dj-ea 1
41
2
ejj-eb 1
ea-eb 2
42
1
eb-ec 1
43
2
ejj-ed 1
ec-ed 2
44
1
ed-ee 1
45
2
ejj-ef 1
ee-ef 2
46
1
ef-eg 1
47
2
eg-eh 1
ejj-eh 2
48
1
eh-ei 1
49
2
ejj-ej 1
ei-ej 2
50
1
ej-fa 1
51
2
ejj-fb 1
fa-fb 2
52
1
fb-fc 1
53
2
ejj-fd 1
fc-fd 2
54
1
fd-fe 1
55
2
ejj-ff 1
fe-ff 2
56
1
ff-fg 1
57
2
fg-fh 1
ejj-fh 2
58
1
fh-fi 1
59
2
ejj-fj 1
fi-fj 2
60
1
fj-ga 1
61
2
ejj-gb 1
ga-gb 2
62
1
gb-gc 1
63
2
ejj-gd 1
gc-gd 2
64
1
gd-ge 1
65
2
ejj-gf 1
ge-gf 2
66
1
gf-gg 1
67
2
ejj-gh 1
gg-gh 2
68
1
gh-gi 1
69
2
ejj-gj 1
gi-gj 2
70
1
gj-ha 1
71
2
ejj-hb 1
ha-hb 2
72
1
hb-hc 1
73
2
ejj-hd 1
hc-hd 2
74
1
hd-he 1
75
2
ejj-hf 1
he-hf 2
76
1
hf-hg 1
77
2
ejj-hh 1
hg-hh 2
78
1
hh-hi 1
79
2
ejj-hj 1
hi-hj 2
80
1
hj-ia 1
81
2
ejj-ib 1
ia-ib 2
82
1
ib-ic 1
83
2
ejj-id 1
ic-id 2
84
1
id-ie 1
85
2
ejj-if 1
ie-if 2
86
1
if-ig 1
87
2
ejj-ih 1
ig-ih 2
88
1
ih-ii 1
89
2
ii-ij 1
ejj-ij 2
90
1
ij-ja 1
91
2
ejj-jb 1
ja-jb 2
92
1
jb-jc 1
93
2
ejj-jd 1
jc-jd 2
94
1
jd-je 1
95
2
ejj-jf 1
je-jf 2
96
1
jf-jg 1
97
2
ejj-jh 1
jg-jh 2
98
1
jh-ji 1
99
2
ejj-jj 1
ji-jj 2
100
1
jj-baa 1
101
2
ejj-bab 1
baa-bab 2
102
1
bab-bac 1
103
2
ejj-bad 1
bac-bad 2
104
1
bad-bae 1
105
2
ejj-baf 1
bae-baf 2
106
1
baf-bag 1
107
2
ejj-bah 1
bag-bah 2
108
1
bah-bai 1
109
2
ejj-baj 1
bai-baj 2
110
1
baj-bba 1
111
2
ejj-bbb 1
bba-bbb 2
112
1
bbb-bbc 1
113
2
ejj-bbd 1
bbc-bbd 2
114
1
bbd-bbe 1
115
2
ejj-bbf 1
bbe-bbf 2
116
1
bbf-bbg 1
117
2
bbg-bbh 1
ejj-bbh 2
118
1
bbh-bbi 1
119
2
ejj-bbj 1
bbi-bbj 2
120
1
bbj-bca 1
121
2
bca-bcb 1
ejj-bcb 2
122
1
bcb-bcc 1
123
2
bcc-bcd 1
ejj-bcd 2
124
1
bcd-bce 1
125
2
ejj-bcf 1
bce-bcf 2
126
1
bcf-bcg 1
127
2
ejj-bch 1
bcg-bch 2
128
1
bch-bci 1
129
2
bci-bcj 1
ejj-bcj 2
130
1
bcj-bda 1
131
2
ejj-bdb 1
bda-bdb 2
132
1
bdb-bdc 1
133
2
ejj-bdd 1
bdc-bdd 2
134
1
bdd-bde 1
135
2
ejj-bdf 1
bde-bdf 2
136
1
bdf-bdg 1
137
2
ejj-bdh 1
bdg-bdh 2
138
1
bdh-bdi 1
139
2
ejj-bdj 1
bdi-bdj 2
140
1
bdj-bea 1
141
2
ejj-beb 1
bea-beb 2
142
1
beb-bec 1
143
2
ejj-bed 1
bec-bed 2
144
1
bed-bee 1
145
2
ejj-bef 1
bee-bef 2
146
1
bef-beg 1
147
2
ejj-beh 1
beg-beh 2
148
1
beh-bei 1
149
2
ejj-bej 1
bei-bej 2
150
1
bej-bfa 1
151
2
ejj-bfb 1
bfa-bfb 2
152
1
bfb-bfc 1
153
2
ejj-bfd 1
bfc-bfd 2
154
1
bfd-bfe 1
155
2
ejj-bff 1
bfe-bff 2
156
1
bff-bfg 1
157
2
ejj-bfh 1
bfg-bfh 2
158
1
bfh-bfi 1
159
2
ejj-bfj 1
bfi-bfj 2
160
1
bfj-bga 1
161
2
ejj-bgb 1
bga-bgb 2
162
1
bgb-bgc 1
163
2
ejj-bgd 1
bgc-bgd 2
164
1
bgd-bge 1
165
2
ejj-bgf 1
bge-bgf 2
166
1
bgf-bgg 1
167
2
ejj-bgh 1
bgg-bgh 2
168
1
bgh-bgi 1
169
2
ejj-bgj 1
bgi-bgj 2
170
1
bgj-bha 1
171
2
ejj-bhb 1
bha-bhb 2
172
1
bhb-bhc 1
173
2
ejj-bhd 1
bhc-bhd 2
174
1
bhd-bhe 1
175
2
ejj-bhf 1
bhe-bhf 2
176
1
bhf-bhg 1
177
2
bhg-bhh 1
ejj-bhh 2
178
1
bhh-bhi 1
179
2
ejj-bhj 1
bhi-bhj 2
180
1
bhj-bia 1
181
2
ejj-bib 1
bia-bib 2
182
1
bib-bic 1
183
2
ejj-bid 1
bic-bid 2
184
1
bid-bie 1
185
2
ejj-bif 1
bie-bif 2
186
1
bif-big 1
187
2
ejj-bih 1
big-bih 2
188
1
bih-bii 1
189
2
bii-bij 1
ejj-bij 2
190
1
bij-bja 1
191
2
ejj-bjb 1
bja-bjb 2
192
1
bjb-bjc 1
193
2
ejj-bjd 1
bjc-bjd 2
194
1
bjd-bje 1
195
2
ejj-bjf 1
bje-bjf 2
196
1
bjf-bjg 1
197
2
ejj-bjh 1
bjg-bjh 2
198
1
bjh-bji 1
199
2
ejj-bjj 1
bji-bjj 2
200
1
bjj-caa 1
201
2
ejj-cab 1
caa-cab 2
202
1
cab-cac 1
203
2
ejj-cad 1
cac-cad 2
204
1
cad-cae 1
205
2
ejj-caf 1
cae-caf 2
206
1
caf-cag 1
207
2
ejj-cah 1
cag-cah 2
208
1
cah-cai 1
209
2
cai-caj 1
ejj-caj 2
210
1
caj-cba 1
211
2
ejj-cbb 1
cba-cbb 2
212
1
cbb-cbc 1
213
2
ejj-cbd 1
cbc-cbd 2
214
1
cbd-cbe 1
215
2
ejj-cbf 1
cbe-cbf 2
216
1
cbf-cbg 1
217
2
cbg-cbh 1
ejj-cbh 2
218
1
cbh-cbi 1
219
2
ejj-cbj 1
cbi-cbj 2
220
1
cbj-cca 1
221
2
ejj-ccb 1
cca-ccb 2
222
1
ccb-ccc 1
223
2
ejj-ccd 1
ccc-ccd 2
224
1
ccd-cce 1
225
2
ejj-ccf 1
cce-ccf 2
226
1
ccf-ccg 1
227
2
ejj-cch 1
ccg-cch 2
228
1
cch-cci 1
229
2
ejj-ccj 1
cci-ccj 2
230
1
ccj-cda 1
231
2
ejj-cdb 1
cda-cdb 2
232
1
cdb-cdc 1
233
2
ejj-cdd 1
cdc-cdd 2
234
1
cdd-cde 1
235
2
ejj-cdf 1
cde-cdf 2
236
1
cdf-cdg 1
237
2
ejj-cdh 1
cdg-cdh 2
238
1
cdh-cdi 1
239
2
cdi-cdj 1
ejj-cdj 2
240
1
cdj-cea 1
241
2
ejj-ceb 1
cea-ceb 2
242
1
ceb-cec 1
243
2
ejj-ced 1
cec-ced 2
244
1
ced-cee 1
245
2
ejj-cef 1
cee-cef 2
246
1
cef-ceg 1
247
2
ejj-ceh 1
ceg-ceh 2
248
1
ceh-cei 1
249
2
ejj-cej 1
cei-cej 2
250
1
cej-cfa 1
251
2
ejj-cfb 1
cfa-cfb 2
252
1
cfb-cfc 1
253
2
cfc-cfd 1
ejj-cfd 2
254
1
cfd-cfe 1
255
2
ejj-cff 1
cfe-cff 2
256
1
cff-cfg 1
257
2
ejj-cfh 1
cfg-cfh 2
258
1
cfh-cfi 1
259
2
ejj-cfj 1
cfi-cfj 2
260
1
cfj-cga 1
261
2
ejj-cgb 1
cga-cgb 2
262
1
cgb-cgc 1
263
2
cgc-cgd 1
ejj-cgd 2
264
1
cgd-cge 1
265
2
ejj-cgf 1
cge-cgf 2
266
1
cgf-cgg 1
267
2
ejj-cgh 1
cgg-cgh 2
268
1
cgh-cgi 1
269
2
ejj-cgj 1
cgi-cgj 2
270
1
cgj-cha 1
271
2
cha-chb 1
ejj-chb 2
272
1
chb-chc 1
273
2
ejj-chd 1
chc-chd 2
274
1
chd-che 1
275
2
ejj-chf 1
che-chf 2
276
1
chf-chg 1
277
2
ejj-chh 1
chg-chh 2
278
1
chh-chi 1
279
2
ejj-chj 1
chi-chj 2
280
1
chj-cia 1
281
2
ejj-cib 1
cia-cib 2
282
1
cib-cic 1
283
2
ejj-cid 1
cic-cid 2
284
1
cid-cie 1
285
2
ejj-cif 1
cie-cif 2
286
1
cif-cig 1
287
2
ejj-cih 1
cig-cih 2
288
1
cih-cii 1
289
2
ejj-cij 1
cii-cij 2
290
1
cij-cja 1
291
2
ejj-cjb 1
cja-cjb 2
292
1
cjb-cjc 1
293
2
ejj-cjd 1
cjc-cjd 2
294
1
cjd-cje 1
295
2
ejj-cjf 1
cje-cjf 2
296
1
cjf-cjg 1
297
2
ejj-cjh 1
cjg-cjh 2
298
1
cjh-cji 1
299
2
ejj-cjj 1
cji-cjj 2
300
1
cjj-daa 1
301
2
ejj-dab 1
daa-dab 2
302
1
dab-dac 1
303
2
ejj-dad 1
dac-dad 2
304
1
dad-dae 1
305
2
ejj-daf 1
dae-daf 2
306
1
daf-dag 1
307
2
ejj-dah 1
dag-dah 2
308
1
dah-dai 1
309
2
ejj-daj 1
dai-daj 2
310
1
daj-dba 1
311
2
ejj-dbb 1
dba-dbb 2
312
1
dbb-dbc 1
313
2
ejj-dbd 1
dbc-dbd 2
314
1
dbd-dbe 1
315
2
ejj-dbf 1
dbe-dbf 2
316
1
dbf-dbg 1
317
2
ejj-dbh 1
dbg-dbh 2
318
1
dbh-dbi 1
319
2
ejj-dbj 1
dbi-dbj 2
320
1
dbj-dca 1
321
2
ejj-dcb 1
dca-dcb 2
322
1
dcb-dcc 1
323
2
ejj-dcd 1
dcc-dcd 2
324
1
dcd-dce 1
325
2
ejj-dcf 1
dce-dcf 2
326
1
dcf-dcg 1
327
2
ejj-dch 1
dcg-dch 2
328
1
dch-dci 1
329
2
ejj-dcj 1
dci-dcj 2
330
1
dcj-dda 1
331
2
ejj-ddb 1
dda-ddb 2
332
1
ddb-ddc 1
333
2
ejj-ddd 1
ddc-ddd 2
334
1
ddd-dde 1
335
2
ejj-ddf 1
dde-ddf 2
336
1
ddf-ddg 1
337
2
ejj-ddh 1
ddg-ddh 2
338
1
ddh-ddi 1
339
2
ejj-ddj 1
ddi-ddj 2
340
1
ddj-dea 1
341
2
dea-deb 1
ejj-deb 2
342
1
deb-dec 1
343
2
ejj-ded 1
dec-ded 2
344
1
ded-dee 1
345
2
ejj-def 1
dee-def 2
346
1
def-deg 1
347
2
ejj-deh 1
deg-deh 2
348
1
deh-dei 1
349
2
ejj-dej 1
dei-dej 2
350
1
dej-dfa 1
351
2
ejj-dfb 1
dfa-dfb 2
352
1
dfb-dfc 1
353
2
ejj-dfd 1
dfc-dfd 2
354
1
dfd-dfe 1
355
2
ejj-dff 1
dfe-dff 2
356
1
dff-dfg 1
357
2
ejj-dfh 1
dfg-dfh 2
358
1
dfh-dfi 1
359
2
ejj-dfj 1
dfi-dfj 2
360
1
dfj-dga 1
361
2
ejj-dgb 1
dga-dgb 2
362
1
dgb-dgc 1
363
2
ejj-dgd 1
dgc-dgd 2
364
1
dgd-dge 1
365
2
ejj-dgf 1
dge-dgf 2
366
1
dgf-dgg 1
367
2
ejj-dgh 1
dgg-dgh 2
368
1
dgh-dgi 1
369
2
ejj-dgj 1
dgi-dgj 2
370
1
dgj-dha 1
371
2
ejj-dhb 1
dha-dhb 2
372
1
dhb-dhc 1
373
2
ejj-dhd 1
dhc-dhd 2
374
1
dhd-dhe 1
375
2
ejj-dhf 1
dhe-dhf 2
376
1
dhf-dhg 1
377
2
ejj-dhh 1
dhg-dhh 2
378
1
dhh-dhi 1
379
2
ejj-dhj 1
dhi-dhj 2
380
1
dhj-dia 1
381
2
ejj-dib 1
dia-dib 2
382
1
dib-dic 1
383
2
ejj-did 1
dic-did 2
384
1
did-die 1
385
2
ejj-dif 1
die-dif 2
386
1
dif-dig 1
387
2
ejj-dih 1
dig-dih 2
388
1
dih-dii 1
389
2
ejj-dij 1
dii-dij 2
390
1
dij-dja 1
391
2
ejj-djb 1
dja-djb 2
392
1
djb-djc 1
393
2
ejj-djd 1
djc-djd 2
394
1
djd-dje 1
395
2
ejj-djf 1
dje-djf 2
396
1
djf-djg 1
397
2
ejj-djh 1
djg-djh 2
398
1
djh-dji 1
399
2
ejj-djj 1
dji-djj 2
400
1
djj-eaa 1
401
2
ejj-eab 1
eaa-eab 2
402
1
eab-eac 1
403
2
ejj-ead 1
eac-ead 2
404
1
ead-eae 1
405
2
eae-eaf 1
ejj-eaf 2
406
1
eaf-eag 1
407
2
ejj-eah 1
eag-eah 2
408
1
eah-eai 1
409
2
eai-eaj 1
ejj-eaj 2
410
1
eaj-eba 1
411
2
ejj-ebb 1
eba-ebb 2
412
1
ebb-ebc 1
413
2
ejj-ebd 1
ebc-ebd 2
414
1
ebd-ebe 1
415
2
ejj-ebf 1
ebe-ebf 2
416
1
ebf-ebg 1
417
2
ejj-ebh 1
ebg-ebh 2
418
1
ebh-ebi 1
419
2
ejj-ebj 1
ebi-ebj 2
420
1
ebj-eca 1
421
2
ejj-ecb 1
eca-ecb 2
422
1
ecb-ecc 1
423
2
ejj-ecd 1
ecc-ecd 2
424
1
ecd-ece 1
425
2
ejj-ecf 1
ece-ecf 2
426
1
ecf-ecg 1
427
2
ejj-ech 1
ecg-ech 2
428
1
ech-eci 1
429
2
ejj-ecj 1
eci-ecj 2
430
1
ecj-eda 1
431
2
ejj-edb 1
eda-edb 2
432
1
edb-edc 1
433
2
ejj-edd 1
edc-edd 2
434
1
edd-ede 1
435
2
ejj-edf 1
ede-edf 2
436
1
edf-edg 1
437
2
ejj-edh 1
edg-edh 2
438
1
edh-edi 1
439
2
ejj-edj 1
edi-edj 2
440
1
edj-eea 1
441
2
ejj-eeb 1
eea-eeb 2
442
1
eeb-eec 1
443
2
ejj-eed 1
eec-eed 2
444
1
eed-eee 1
445
2
ejj-eef 1
eee-eef 2
446
1
eef-eeg 1
447
2
ejj-eeh 1
eeg-eeh 2
448
1
eeh-eei 1
449
2
ejj-eej 1
eei-eej 2
450
1
eej-efa 1
451
2
ejj-efb 1
efa-efb 2
452
1
efb-efc 1
453
2
efc-efd 1
ejj-efd 2
454
1
efd-efe 1
455
2
ejj-eff 1
efe-eff 2
456
1
eff-efg 1
457
2
ejj-efh 1
efg-efh 2
458
1
efh-efi 1
459
2
ejj-efj 1
efi-efj 2
460
1
efj-ega 1
461
2
ejj-egb 1
ega-egb 2
462
1
egb-egc 1
463
2
ejj-egd 1
egc-egd 2
464
1
egd-ege 1
465
2
ejj-egf 1
ege-egf 2
466
1
egf-egg 1
467
2
egg-egh 1
ejj-egh 2
468
1
egh-egi 1
469
2
ejj-egj 1
egi-egj 2
470
1
egj-eha 1
471
2
ejj-ehb 1
eha-ehb 2
472
1
ehb-ehc 1
473
2
ejj-ehd 1
ehc-ehd 2
474
1
ehd-ehe 1
475
2
ejj-ehf 1
ehe-ehf 2
476
1
ehf-ehg 1
477
2
ejj-ehh 1
ehg-ehh 2
478
1
ehh-ehi 1
479
2
ejj-ehj 1
ehi-ehj 2
480
1
ehj-eia 1
481
2
ejj-eib 1
eia-eib 2
482
1
eib-eic 1
483
2
ejj-eid 1
eic-eid 2
484
1
eid-eie 1
485
2
ejj-eif 1
eie-eif 2
486
1
eif-eig 1
487
2
ejj-eih 1
eig-eih 2
488
1
eih-eii 1
489
2
eii-eij 1
ejj-eij 2
490
1
eij-eja 1
491
2
ejj-ejb 1
eja-ejb 2
492
1
ejb-ejc 1
493
2
ejj-ejd 1
ejc-ejd 2
494
1
ejd-eje 1
495
2
ejj-ejf 1
eje-ejf 2
496
1
ejf-ejg 1
497
2
ejj-ejh 1
ejg-ejh 2
498
1
ejh-eji 1
0
1
eji-a 1
